<?xml version="1.0" encoding="UTF-8"?>
<!-- Generated by org.testng.reporters.JUnitReportReporter -->
<testsuite skipped="0" hostname="WKWIN3550872" name="Scripts.Demo.RestAssured.TestRunner" tests="1" failures="0" timestamp="2020-03-16T14:42:38 IST" time="6.172" errors="0">
  <testcase name="MyFirstTest" time="6.172" classname="Scripts.Demo.RestAssured.TestRunner"/>
  <system-out/>
</testsuite> <!-- Scripts.Demo.RestAssured.TestRunner -->
